<?xml version="1.0" encoding="UTF-8"?>
<testng-results ignored="0" total="1" passed="1" failed="0" skipped="0">
  <reporter-output>
  </reporter-output>
  <suite started-at="2024-12-30T08:10:34 AST" name="Test Maven Suite" finished-at="2024-12-30T08:10:34 AST" duration-ms="41">
    <groups>
    </groups>
    <test started-at="2024-12-30T08:10:34 AST" name="Test Maven Testing" finished-at="2024-12-30T08:10:34 AST" duration-ms="41">
      <class name="com.qa.tests.LoginTest">
        <test-method signature="login()[pri:0, instance:com.qa.tests.LoginTest@197d671]" started-at="2024-12-30T08:10:34 AST" name="login" finished-at="2024-12-30T08:10:34 AST" duration-ms="4" status="PASS">
          <reporter-output>
          </reporter-output>
        </test-method> <!-- login -->
      </class> <!-- com.qa.tests.LoginTest -->
    </test> <!-- Test Maven Testing -->
  </suite> <!-- Test Maven Suite -->
</testng-results>
